<?xml version="1.0" encoding="UTF-8"?>
<testng-results ignored="0" total="6" passed="6" failed="0" skipped="0">
  <reporter-output>
  </reporter-output>
  <suite started-at="2023-08-22T22:13:32 EET" name="BDD Test Suite" finished-at="2023-08-22T22:14:00 EET" duration-ms="27774">
    <groups>
    </groups>
    <test started-at="2023-08-22T22:13:32 EET" name="Chrome" finished-at="2023-08-22T22:14:00 EET" duration-ms="27774">
      <class name="TestCases.AppTest">
        <test-method is-config="true" signature="setUp(java.lang.String)[pri:0, instance:TestCases.AppTest@4d2a1da3]" started-at="2023-08-22T22:13:32 EET" name="setUp" finished-at="2023-08-22T22:13:36 EET" duration-ms="4590" status="PASS">
          <params>
            <param index="0">
              <value>
                <![CDATA[Chrome]]>
              </value>
            </param>
          </params>
          <reporter-output>
          </reporter-output>
        </test-method> <!-- setUp -->
        <test-method signature="Login()[pri:1, instance:TestCases.AppTest@4d2a1da3]" started-at="2023-08-22T22:13:37 EET" name="Login" finished-at="2023-08-22T22:13:44 EET" duration-ms="7527" status="PASS">
          <reporter-output>
          </reporter-output>
        </test-method> <!-- Login -->
        <test-method signature="CreateBoard_api()[pri:2, instance:TestCases.AppTest@4d2a1da3]" started-at="2023-08-22T22:13:44 EET" name="CreateBoard_api" finished-at="2023-08-22T22:13:46 EET" duration-ms="1392" status="PASS">
          <reporter-output>
          </reporter-output>
        </test-method> <!-- CreateBoard_api -->
        <test-method signature="GetList_api()[pri:3, instance:TestCases.AppTest@4d2a1da3]" started-at="2023-08-22T22:13:46 EET" name="GetList_api" finished-at="2023-08-22T22:13:46 EET" duration-ms="274" status="PASS">
          <reporter-output>
          </reporter-output>
        </test-method> <!-- GetList_api -->
        <test-method signature="CreateCard_api()[pri:4, instance:TestCases.AppTest@4d2a1da3]" started-at="2023-08-22T22:13:46 EET" name="CreateCard_api" finished-at="2023-08-22T22:13:46 EET" duration-ms="477" status="PASS">
          <reporter-output>
          </reporter-output>
        </test-method> <!-- CreateCard_api -->
        <test-method signature="moveCard()[pri:5, instance:TestCases.AppTest@4d2a1da3]" started-at="2023-08-22T22:13:46 EET" name="moveCard" finished-at="2023-08-22T22:13:59 EET" duration-ms="12969" status="PASS">
          <reporter-output>
          </reporter-output>
        </test-method> <!-- moveCard -->
        <test-method signature="AddCard()[pri:7, instance:TestCases.AppTest@4d2a1da3]" started-at="2023-08-22T22:13:59 EET" name="AddCard" finished-at="2023-08-22T22:14:00 EET" duration-ms="285" status="PASS">
          <reporter-output>
          </reporter-output>
        </test-method> <!-- AddCard -->
      </class> <!-- TestCases.AppTest -->
    </test> <!-- Chrome -->
  </suite> <!-- BDD Test Suite -->
</testng-results>
