<?xml version="1.0" encoding="UTF-8"?>
<!-- Generated by org.testng.reporters.JUnitXMLReporter -->
<testsuite ignored="0" hostname="IBM-PF3K9656" failures="0" tests="6" name="Chrome" time="27.774" errors="0" timestamp="2023-08-22T22:14:00 EET">
  <testcase classname="TestCases.AppTest" name="Login" time="7.527"/>
  <testcase classname="TestCases.AppTest" name="CreateBoard_api" time="1.392"/>
  <testcase classname="TestCases.AppTest" name="GetList_api" time="0.274"/>
  <testcase classname="TestCases.AppTest" name="CreateCard_api" time="0.477"/>
  <testcase classname="TestCases.AppTest" name="moveCard" time="12.969"/>
  <testcase classname="TestCases.AppTest" name="AddCard" time="0.285"/>
</testsuite> <!-- Chrome -->
